{"priority": "major", "kind": "bug", "repository": {"links": {"self": {"href": "data/repositories/osrf/sdformat.json"}, "html": {"href": "#!/osrf/sdformat"}, "avatar": {"href": "data/bytebucket.org/ravatar/{b6d52f9f-b070-41c0-807c-94af07ea375b}ts=1606789"}}, "type": "repository", "name": "sdformat", "full_name": "osrf/sdformat", "uuid": "{b6d52f9f-b070-41c0-807c-94af07ea375b}"}, "links": {"attachments": {"href": "data/repositories/osrf/sdformat/issues/55/attachments_page=1.json"}, "self": {"href": "data/repositories/osrf/sdformat/issues/55.json"}, "watch": {"href": "https://api.bitbucket.org/2.0/repositories/osrf/sdformat/issues/55/watch"}, "comments": {"href": "data/repositories/osrf/sdformat/issues/55/comments_page=1.json"}, "html": {"href": "#!/osrf/sdformat/issues/55/default-558-778bf6bc844d-fails-integration"}, "vote": {"href": "https://api.bitbucket.org/2.0/repositories/osrf/sdformat/issues/55/vote"}}, "reporter": {"display_name": "andy_somerville", "uuid": "{09fd5d4b-d90e-4416-9a6a-2e5cd638472c}", "links": {"self": {"href": "https://api.bitbucket.org/2.0/users/%7B09fd5d4b-d90e-4416-9a6a-2e5cd638472c%7D"}, "html": {"href": "https://bitbucket.org/%7B09fd5d4b-d90e-4416-9a6a-2e5cd638472c%7D/"}, "avatar": {"href": "https://bitbucket.org/account/andy_somerville/avatar/"}}, "nickname": "andy_somerville", "type": "user", "account_id": null}, "title": "default @ 558:778bf6bc844d fails integration tests", "component": null, "votes": 0, "watches": 3, "content": {"raw": "Cloned latest (558:778bf6bc844d) and built then ran `make test` and got the following\r\n\r\n\r\n```\r\n#!text\r\n\r\nRunning tests...\r\nTest project /home/local/RESQUARED/andrew.somerville/projects/BESS/sandbox/sdformat/build\r\n      Start  1: INTEGRATION_audio\r\n 1/20 Test  #1: INTEGRATION_audio ......................................   Passed    0.00 sec\r\n      Start  2: check_INTEGRATION_audio\r\n 2/20 Test  #2: check_INTEGRATION_audio ................................   Passed    0.02 sec\r\n      Start  3: INTEGRATION_cfm_damping_implicit_spring_damper\r\n 3/20 Test  #3: INTEGRATION_cfm_damping_implicit_spring_damper .........***Exception: SegFault  0.09 sec\r\n      Start  4: check_INTEGRATION_cfm_damping_implicit_spring_damper\r\n 4/20 Test  #4: check_INTEGRATION_cfm_damping_implicit_spring_damper ...   Passed    0.02 sec\r\n      Start  5: INTEGRATION_fixed_joint_reduction\r\n 5/20 Test  #5: INTEGRATION_fixed_joint_reduction ......................***Exception: SegFault  0.09 sec\r\n      Start  6: check_INTEGRATION_fixed_joint_reduction\r\n 6/20 Test  #6: check_INTEGRATION_fixed_joint_reduction ................   Passed    0.02 sec\r\n      Start  7: INTEGRATION_joint_axis_frame\r\n 7/20 Test  #7: INTEGRATION_joint_axis_frame ...........................***Exception: SegFault  0.08 sec\r\n      Start  8: check_INTEGRATION_joint_axis_frame\r\n 8/20 Test  #8: check_INTEGRATION_joint_axis_frame .....................   Passed    0.02 sec\r\n      Start  9: INTEGRATION_provide_feedback\r\n 9/20 Test  #9: INTEGRATION_provide_feedback ...........................***Exception: SegFault  0.09 sec\r\n      Start 10: check_INTEGRATION_provide_feedback\r\n10/20 Test #10: check_INTEGRATION_provide_feedback .....................   Passed    0.03 sec\r\n      Start 11: PERFORMANCE_parser_urdf\r\n11/20 Test #11: PERFORMANCE_parser_urdf ................................   Passed    0.12 sec\r\n      Start 12: check_PERFORMANCE_parser_urdf\r\n12/20 Test #12: check_PERFORMANCE_parser_urdf ..........................   Passed    0.02 sec\r\n      Start 13: UNIT_SDF_TEST\r\n13/20 Test #13: UNIT_SDF_TEST ..........................................   Passed    0.16 sec\r\n      Start 14: check_UNIT_SDF_TEST\r\n14/20 Test #14: check_UNIT_SDF_TEST ....................................   Passed    0.02 sec\r\n      Start 15: UNIT_Console_TEST\r\n15/20 Test #15: UNIT_Console_TEST ......................................   Passed    0.01 sec\r\n      Start 16: check_UNIT_Console_TEST\r\n16/20 Test #16: check_UNIT_Console_TEST ................................   Passed    0.02 sec\r\n      Start 17: UNIT_Converter_TEST\r\n17/20 Test #17: UNIT_Converter_TEST ....................................   Passed    0.01 sec\r\n      Start 18: check_UNIT_Converter_TEST\r\n18/20 Test #18: check_UNIT_Converter_TEST ..............................   Passed    0.02 sec\r\n      Start 19: UNIT_parser_urdf_TEST\r\n19/20 Test #19: UNIT_parser_urdf_TEST ..................................   Passed    0.01 sec\r\n      Start 20: check_UNIT_parser_urdf_TEST\r\n20/20 Test #20: check_UNIT_parser_urdf_TEST ............................   Passed    0.02 sec\r\n\r\n80% tests passed, 4 tests failed out of 20\r\n\r\nTotal Test time (real) =   0.89 sec\r\n\r\nThe following tests FAILED:\r\n\t  3 - INTEGRATION_cfm_damping_implicit_spring_damper (SEGFAULT)\r\n\t  5 - INTEGRATION_fixed_joint_reduction (SEGFAULT)\r\n\t  7 - INTEGRATION_joint_axis_frame (SEGFAULT)\r\n\t  9 - INTEGRATION_provide_feedback (SEGFAULT)\r\nErrors while running CTest\r\nmake: *** [test] Error 8\r\n\r\n```\r\n", "markup": "markdown", "html": "<p>Cloned latest (558:<a href=\"#!/osrf/sdformat/commits/778bf6bc844d\" rel=\"nofollow\" class=\"ap-connect-link\">778bf6bc844d</a>) and built then ran <code>make test</code> and got the following</p>\n<div class=\"codehilite language-text\"><pre><span></span>Running tests...\nTest project /home/local/RESQUARED/andrew.somerville/projects/BESS/sandbox/sdformat/build\n      Start  1: INTEGRATION_audio\n 1/20 Test  #1: INTEGRATION_audio ......................................   Passed    0.00 sec\n      Start  2: check_INTEGRATION_audio\n 2/20 Test  #2: check_INTEGRATION_audio ................................   Passed    0.02 sec\n      Start  3: INTEGRATION_cfm_damping_implicit_spring_damper\n 3/20 Test  #3: INTEGRATION_cfm_damping_implicit_spring_damper .........***Exception: SegFault  0.09 sec\n      Start  4: check_INTEGRATION_cfm_damping_implicit_spring_damper\n 4/20 Test  #4: check_INTEGRATION_cfm_damping_implicit_spring_damper ...   Passed    0.02 sec\n      Start  5: INTEGRATION_fixed_joint_reduction\n 5/20 Test  #5: INTEGRATION_fixed_joint_reduction ......................***Exception: SegFault  0.09 sec\n      Start  6: check_INTEGRATION_fixed_joint_reduction\n 6/20 Test  #6: check_INTEGRATION_fixed_joint_reduction ................   Passed    0.02 sec\n      Start  7: INTEGRATION_joint_axis_frame\n 7/20 Test  #7: INTEGRATION_joint_axis_frame ...........................***Exception: SegFault  0.08 sec\n      Start  8: check_INTEGRATION_joint_axis_frame\n 8/20 Test  #8: check_INTEGRATION_joint_axis_frame .....................   Passed    0.02 sec\n      Start  9: INTEGRATION_provide_feedback\n 9/20 Test  #9: INTEGRATION_provide_feedback ...........................***Exception: SegFault  0.09 sec\n      Start 10: check_INTEGRATION_provide_feedback\n10/20 Test #10: check_INTEGRATION_provide_feedback .....................   Passed    0.03 sec\n      Start 11: PERFORMANCE_parser_urdf\n11/20 Test #11: PERFORMANCE_parser_urdf ................................   Passed    0.12 sec\n      Start 12: check_PERFORMANCE_parser_urdf\n12/20 Test #12: check_PERFORMANCE_parser_urdf ..........................   Passed    0.02 sec\n      Start 13: UNIT_SDF_TEST\n13/20 Test #13: UNIT_SDF_TEST ..........................................   Passed    0.16 sec\n      Start 14: check_UNIT_SDF_TEST\n14/20 Test #14: check_UNIT_SDF_TEST ....................................   Passed    0.02 sec\n      Start 15: UNIT_Console_TEST\n15/20 Test #15: UNIT_Console_TEST ......................................   Passed    0.01 sec\n      Start 16: check_UNIT_Console_TEST\n16/20 Test #16: check_UNIT_Console_TEST ................................   Passed    0.02 sec\n      Start 17: UNIT_Converter_TEST\n17/20 Test #17: UNIT_Converter_TEST ....................................   Passed    0.01 sec\n      Start 18: check_UNIT_Converter_TEST\n18/20 Test #18: check_UNIT_Converter_TEST ..............................   Passed    0.02 sec\n      Start 19: UNIT_parser_urdf_TEST\n19/20 Test #19: UNIT_parser_urdf_TEST ..................................   Passed    0.01 sec\n      Start 20: check_UNIT_parser_urdf_TEST\n20/20 Test #20: check_UNIT_parser_urdf_TEST ............................   Passed    0.02 sec\n\n80% tests passed, 4 tests failed out of 20\n\nTotal Test time (real) =   0.89 sec\n\nThe following tests FAILED:\n      3 - INTEGRATION_cfm_damping_implicit_spring_damper (SEGFAULT)\n      5 - INTEGRATION_fixed_joint_reduction (SEGFAULT)\n      7 - INTEGRATION_joint_axis_frame (SEGFAULT)\n      9 - INTEGRATION_provide_feedback (SEGFAULT)\nErrors while running CTest\nmake: *** [test] Error 8\n</pre></div>", "type": "rendered"}, "assignee": null, "state": "resolved", "version": null, "edited_on": null, "created_on": "2014-04-03T19:46:13.323571+00:00", "milestone": null, "updated_on": "2015-02-03T21:54:06.007028+00:00", "type": "issue", "id": 55}